<?xml version="1.0" encoding="UTF-8"?>
<!-- Generated by org.testng.reporters.JUnitReportReporter -->
<testsuite hostname="PVCY4MNBJIHY004" name="com.dbyl.tests.Case1" tests="2" failures="0" timestamp="20 Dec 2015 08:58:45 GMT" time="0.006" errors="0">
  <testcase name="aFastTest" time="0.006" classname="com.dbyl.tests.Case1"/>
  <testcase name="aSlowTest" time="0.000" classname="com.dbyl.tests.Case1"/>
</testsuite> <!-- com.dbyl.tests.Case1 -->
