<?xml version="1.0" encoding="UTF-8"?>
<!-- Generated by org.testng.reporters.JUnitReportReporter -->
<testsuite hostname="Young-PC" name="com.dbyl.tests.Test1" tests="1" failures="0" timestamp="26 May 2015 15:32:50 GMT" time="2.699" errors="0">
  <testcase name="TestWebDriver" time="2.699" classname="com.dbyl.tests.Test1"/>
</testsuite> <!-- com.dbyl.tests.Test1 -->
