<?xml version="1.0" encoding="UTF-8"?>
<!-- Generated by org.testng.reporters.JUnitReportReporter -->
<testsuite hostname="Young-PC" name="com.dbyl.tests.UseCookieLogin" tests="1" failures="0" timestamp="3 Jun 2015 14:10:16 GMT" time="249.989" errors="0">
  <testcase name="useCookies" time="249.989" classname="com.dbyl.tests.UseCookieLogin"/>
</testsuite> <!-- com.dbyl.tests.UseCookieLogin -->
